SF:lib/features/auth/data/datasources/do_login_data_source_firebase.dart
DA:6,1
DA:8,1
LF:2
LH:2
end_of_record
SF:lib/features/auth/data/models/user_model.dart
DA:6,3
DA:11,3
DA:17,2
DA:18,2
DA:19,2
DA:20,4
DA:21,2
DA:22,2
DA:26,2
DA:27,2
DA:28,2
DA:29,4
DA:30,2
DA:31,2
DA:35,0
DA:36,0
DA:37,0
DA:38,0
DA:39,0
DA:40,0
DA:44,1
DA:45,1
DA:46,1
DA:47,1
DA:48,1
DA:49,1
DA:52,3
DA:54,3
LF:28
LH:22
end_of_record
SF:lib/features/auth/domain/entities/user.dart
DA:9,4
DA:15,0
DA:16,0
DA:17,0
DA:18,0
DA:19,0
DA:20,0
LF:7
LH:1
end_of_record
SF:lib/core/error/failure.dart
DA:7,3
DA:9,2
DA:10,4
DA:14,0
DA:19,0
DA:24,2
LF:6
LH:4
end_of_record
SF:lib/features/auth/data/datasources/do_login_data_source_api.dart
DA:10,1
DA:12,1
DA:15,3
DA:16,1
DA:17,2
DA:20,1
LF:6
LH:6
end_of_record
SF:lib/features/auth/data/repositories/do_login_repository_impl.dart
DA:10,1
DA:13,1
DA:16,3
DA:17,1
DA:18,1
DA:19,1
LF:6
LH:6
end_of_record
SF:lib/features/auth/domain/repositories/do_login_repository.dart
DA:7,0
LF:1
LH:0
end_of_record
SF:lib/features/auth/domain/usecases/do_login.dart
DA:11,1
DA:17,1
DA:20,1
DA:21,3
DA:22,2
LF:5
LH:5
end_of_record
